IMKit/build/outputs/logs/manifest-merger-debug-report.txt
-- Merging decision tree log ---
manifest
ADDED from src/main/AndroidManifest.xml:1:39-128:12
INJECTED from src/main/AndroidManifest.xml:1:39-128:12
INJECTED from src/main/AndroidManifest.xml:1:39-128:12
INJECTED from src/main/AndroidManifest.xml:1:39-128:12
INJECTED from src/main/AndroidManifest.xml:1:39-128:12
INJECTED from src/main/AndroidManifest.xml:1:39-128:12
INJECTED from src/main/AndroidManifest.xml:1:39-128:12
	package
		ADDED from src/main/AndroidManifest.xml:2:1-24
		INJECTED from src/main/AndroidManifest.xml
		INJECTED from src/main/AndroidManifest.xml
	android:versionName
		INJECTED from src/main/AndroidManifest.xml
		ADDED from src/main/AndroidManifest.xml:1:39-128:12
		INJECTED from src/main/AndroidManifest.xml
	android:versionCode
		INJECTED from src/main/AndroidManifest.xml
		ADDED from src/main/AndroidManifest.xml:1:39-128:12
		INJECTED from src/main/AndroidManifest.xml
	xmlns:android
		ADDED from src/main/AndroidManifest.xml:1:49-107
uses-permission#android.permission.READ_EXTERNAL_STORAGE
ADDED from src/main/AndroidManifest.xml:5:1-76
	android:name
		ADDED from src/main/AndroidManifest.xml:5:18-73
uses-permission#android.permission.ACCESS_COARSE_LOCATION
ADDED from src/main/AndroidManifest.xml:7:1-77
	android:name
		ADDED from src/main/AndroidManifest.xml:7:18-74
uses-permission#android.permission.CAMERA
ADDED from src/main/AndroidManifest.xml:9:1-61
	android:name
		ADDED from src/main/AndroidManifest.xml:9:18-58
uses-permission#android.permission.WRITE_SETTINGS
ADDED from src/main/AndroidManifest.xml:11:1-69
	android:name
		ADDED from src/main/AndroidManifest.xml:11:18-66
uses-permission#android.permission.SYSTEM_ALERT_WINDOW
ADDED from src/main/AndroidManifest.xml:13:1-74
	android:name
		ADDED from src/main/AndroidManifest.xml:13:18-71
uses-permission#android.permission.INTERACT_ACROSS_USERS_FULL
ADDED from src/main/AndroidManifest.xml:14:1-81
	android:name
		ADDED from src/main/AndroidManifest.xml:14:18-78
uses-permission#android.permission.CHANGE_WIFI_STATE
ADDED from src/main/AndroidManifest.xml:16:1-72
	android:name
		ADDED from src/main/AndroidManifest.xml:16:18-69
uses-permission#android.permission.INTERNET
ADDED from src/main/AndroidManifest.xml:17:1-63
	android:name
		ADDED from src/main/AndroidManifest.xml:17:18-60
uses-permission#android.permission.ACCESS_NETWORK_STATE
ADDED from src/main/AndroidManifest.xml:18:1-75
	android:name
		ADDED from src/main/AndroidManifest.xml:18:18-72
uses-permission#android.permission.ACCESS_WIFI_STATE
ADDED from src/main/AndroidManifest.xml:19:1-72
	android:name
		ADDED from src/main/AndroidManifest.xml:19:18-69
uses-permission#android.permission.RECORD_AUDIO
ADDED from src/main/AndroidManifest.xml:21:1-67
	android:name
		ADDED from src/main/AndroidManifest.xml:21:18-64
uses-permission#android.permission.GET_TASKS
ADDED from src/main/AndroidManifest.xml:23:1-64
	android:name
		ADDED from src/main/AndroidManifest.xml:23:18-61
uses-permission#android.permission.REQUEST_INSTALL_PACKAGES
ADDED from src/main/AndroidManifest.xml:25:1-79
	android:name
		ADDED from src/main/AndroidManifest.xml:25:18-76
uses-permission#android.permission.WRITE_EXTERNAL_STORAGE
ADDED from src/main/AndroidManifest.xml:27:1-77
	android:name
		ADDED from src/main/AndroidManifest.xml:27:18-74
uses-permission#android.permission.VIBRATE
ADDED from src/main/AndroidManifest.xml:29:1-62
	android:name
		ADDED from src/main/AndroidManifest.xml:29:18-59
application
ADDED from src/main/AndroidManifest.xml:31:1-126:15
activity#io.rong.imkit.plugin.location.AMapLocationActivity
ADDED from src/main/AndroidManifest.xml:33:5-35:48
	android:screenOrientation
		ADDED from src/main/AndroidManifest.xml:35:9-45
	android:name
		ADDED from src/main/AndroidManifest.xml:34:9-74
activity#io.rong.imkit.plugin.location.AMapLocationActivity2D
ADDED from src/main/AndroidManifest.xml:36:5-38:48
	android:screenOrientation
		ADDED from src/main/AndroidManifest.xml:38:9-45
	android:name
		ADDED from src/main/AndroidManifest.xml:37:9-76
activity#io.rong.imkit.plugin.location.AMapPreviewActivity
ADDED from src/main/AndroidManifest.xml:40:5-82
	android:name
		ADDED from src/main/AndroidManifest.xml:40:15-79
activity#io.rong.imkit.plugin.location.AMapPreviewActivity2D
ADDED from src/main/AndroidManifest.xml:41:5-84
	android:name
		ADDED from src/main/AndroidManifest.xml:41:15-81
activity#io.rong.imkit.plugin.location.AMapRealTimeActivity
ADDED from src/main/AndroidManifest.xml:43:5-83
	android:name
		ADDED from src/main/AndroidManifest.xml:43:15-80
activity#io.rong.imkit.plugin.location.AMapRealTimeActivity2D
ADDED from src/main/AndroidManifest.xml:44:5-85
	android:name
		ADDED from src/main/AndroidManifest.xml:44:15-82
activity#io.rong.imkit.plugin.location.SearchLocationActivity
ADDED from src/main/AndroidManifest.xml:46:5-49:67
	android:screenOrientation
		ADDED from src/main/AndroidManifest.xml:48:9-45
	android:windowSoftInputMode
		ADDED from src/main/AndroidManifest.xml:49:9-64
	android:name
		ADDED from src/main/AndroidManifest.xml:47:9-76
activity#io.rong.imkit.plugin.image.PictureSelectorActivity
ADDED from src/main/AndroidManifest.xml:51:5-54:48
	android:screenOrientation
		ADDED from src/main/AndroidManifest.xml:54:9-45
	android:configChanges
		ADDED from src/main/AndroidManifest.xml:53:9-70
	android:name
		ADDED from src/main/AndroidManifest.xml:52:9-74
activity#io.rong.imkit.plugin.image.PicturePreviewActivity
ADDED from src/main/AndroidManifest.xml:56:5-58:48
	android:screenOrientation
		ADDED from src/main/AndroidManifest.xml:58:9-45
	android:name
		ADDED from src/main/AndroidManifest.xml:57:9-73
activity#io.rong.imkit.widget.provider.TakingPicturesActivity
ADDED from src/main/AndroidManifest.xml:79:5-82:48
	android:screenOrientation
		ADDED from src/main/AndroidManifest.xml:82:9-45
	android:configChanges
		ADDED from src/main/AndroidManifest.xml:81:9-59
	android:name
		ADDED from src/main/AndroidManifest.xml:80:9-76
activity#io.rong.imkit.activity.PicturePagerActivity
ADDED from src/main/AndroidManifest.xml:84:5-92:16
	android:exported
		ADDED from src/main/AndroidManifest.xml:86:9-33
	android:theme
		ADDED from src/main/AndroidManifest.xml:87:9-67
	android:name
		ADDED from src/main/AndroidManifest.xml:85:9-67
intent-filter#action:name:io.rong.imkit.intent.action.picturepagerview+category:name:android.intent.category.DEFAULT
ADDED from src/main/AndroidManifest.xml:88:9-91:25
action#io.rong.imkit.intent.action.picturepagerview
ADDED from src/main/AndroidManifest.xml:89:13-83
	android:name
		ADDED from src/main/AndroidManifest.xml:89:21-80
category#android.intent.category.DEFAULT
ADDED from src/main/AndroidManifest.xml:90:13-72
	android:name
		ADDED from src/main/AndroidManifest.xml:90:23-69
activity#io.rong.imkit.mention.MemberMentionedActivity
ADDED from src/main/AndroidManifest.xml:94:5-97:63
	android:windowSoftInputMode
		ADDED from src/main/AndroidManifest.xml:97:9-60
	android:configChanges
		ADDED from src/main/AndroidManifest.xml:96:9-59
	android:name
		ADDED from src/main/AndroidManifest.xml:95:9-69
activity#io.rong.imkit.activity.FileManagerActivity
ADDED from src/main/AndroidManifest.xml:98:5-75
	android:name
		ADDED from src/main/AndroidManifest.xml:98:15-72
activity#io.rong.imkit.activity.FileListActivity
ADDED from src/main/AndroidManifest.xml:99:5-72
	android:name
		ADDED from src/main/AndroidManifest.xml:99:15-69
activity#io.rong.imkit.activity.FilePreviewActivity
ADDED from src/main/AndroidManifest.xml:100:5-108:16
	android:screenOrientation
		ADDED from src/main/AndroidManifest.xml:103:9-45
	android:exported
		ADDED from src/main/AndroidManifest.xml:102:9-33
	android:name
		ADDED from src/main/AndroidManifest.xml:101:9-66
intent-filter#action:name:io.rong.imkit.intent.action.openfile+category:name:android.intent.category.DEFAULT
ADDED from src/main/AndroidManifest.xml:104:9-107:25
action#io.rong.imkit.intent.action.openfile
ADDED from src/main/AndroidManifest.xml:105:13-75
	android:name
		ADDED from src/main/AndroidManifest.xml:105:21-72
activity#io.rong.imkit.activity.CSLeaveMessageActivity
ADDED from src/main/AndroidManifest.xml:110:5-113:48
	android:screenOrientation
		ADDED from src/main/AndroidManifest.xml:113:9-45
	android:configChanges
		ADDED from src/main/AndroidManifest.xml:112:9-59
	android:name
		ADDED from src/main/AndroidManifest.xml:111:9-56
uses-sdk
INJECTED from src/main/AndroidManifest.xml reason: use-sdk injection requested
INJECTED from src/main/AndroidManifest.xml
INJECTED from src/main/AndroidManifest.xml
INJECTED from src/main/AndroidManifest.xml
INJECTED from src/main/AndroidManifest.xml
	android:targetSdkVersion
		INJECTED from src/main/AndroidManifest.xml
		ADDED from src/main/AndroidManifest.xml
		INJECTED from src/main/AndroidManifest.xml
	android:minSdkVersion
		INJECTED from src/main/AndroidManifest.xml
		ADDED from src/main/AndroidManifest.xml
		INJECTED from src/main/AndroidManifest.xml